# JRE version: Java(TM) SE Runtime Environment (8.0_25-b18) (build 1.8.0_25-b18)
# Java VM: Java HotSpot(TM) 64-Bit Server VM (25.25-b02 mixed mode windows-amd64 compressed oops)
Heap:
 PSYoungGen      total 222720K, used 113584K [0x00000000d5f00000, 0x00000000ece80000, 0x0000000100000000)
  eden space 113152K, 26% used [0x00000000d5f00000,0x00000000d7bd4068,0x00000000dcd80000)
  from space 109568K, 76% used [0x00000000dcd80000,0x00000000e1f98090,0x00000000e3880000)
  to   space 119808K, 0% used [0x00000000e5980000,0x00000000e5980000,0x00000000ece80000)
 ParOldGen       total 285696K, used 154046K [0x0000000081c00000, 0x0000000093300000, 0x00000000d5f00000)
  object space 285696K, 53% used [0x0000000081c00000,0x000000008b26f918,0x0000000093300000)
 Metaspace       used 13432K, capacity 13758K, committed 13952K, reserved 1060864K
  class space    used 1742K, capacity 1829K, committed 1920K, reserved 1048576K
GC Heap History (10 events):
Event: 3.842 GC heap before
{Heap before GC invocations=7 (full 1):
 PSYoungGen      total 71680K, used 66560K [0x00000000d5f00000, 0x00000000e3800000, 0x0000000100000000)
  eden space 66560K, 100% used [0x00000000d5f00000,0x00000000da000000,0x00000000da000000)
  from space 5120K, 0% used [0x00000000da000000,0x00000000da000000,0x00000000da500000)
  to   space 44544K, 0% used [0x00000000e0c80000,0x00000000e0c80000,0x00000000e3800000)
 ParOldGen       total 154112K, used 63929K [0x0000000081c00000, 0x000000008b280000, 0x00000000d5f00000)
  object space 154112K, 41% used [0x0000000081c00000,0x0000000085a6e430,0x000000008b280000)
 Metaspace       used 11856K, capacity 12048K, committed 12160K, reserved 1060864K
  class space    used 1577K, capacity 1618K, committed 1664K, reserved 1048576K
Event: 3.911 GC heap after
Heap after GC invocations=7 (full 1):
 PSYoungGen      total 135680K, used 39136K [0x00000000d5f00000, 0x00000000e3300000, 0x0000000100000000)
  eden space 96256K, 0% used [0x00000000d5f00000,0x00000000d5f00000,0x00000000dbd00000)
  from space 39424K, 99% used [0x00000000e0c80000,0x00000000e32b8030,0x00000000e3300000)
  to   space 52736K, 0% used [0x00000000dcc00000,0x00000000dcc00000,0x00000000dff80000)
 ParOldGen       total 154112K, used 63929K [0x0000000081c00000, 0x000000008b280000, 0x00000000d5f00000)
  object space 154112K, 41% used [0x0000000081c00000,0x0000000085a6e430,0x000000008b280000)
 Metaspace       used 11856K, capacity 12048K, committed 12160K, reserved 1060864K
  class space    used 1577K, capacity 1618K, committed 1664K, reserved 1048576K
}
Event: 4.607 GC heap before
{Heap before GC invocations=8 (full 1):
 PSYoungGen      total 135680K, used 135392K [0x00000000d5f00000, 0x00000000e3300000, 0x0000000100000000)
  eden space 96256K, 100% used [0x00000000d5f00000,0x00000000dbd00000,0x00000000dbd00000)
  from space 39424K, 99% used [0x00000000e0c80000,0x00000000e32b8030,0x00000000e3300000)
  to   space 52736K, 0% used [0x00000000dcc00000,0x00000000dcc00000,0x00000000dff80000)
 ParOldGen       total 154112K, used 63929K [0x0000000081c00000, 0x000000008b280000, 0x00000000d5f00000)
  object space 154112K, 41% used [0x0000000081c00000,0x0000000085a6e430,0x000000008b280000)
 Metaspace       used 13322K, capacity 13540K, committed 13568K, reserved 1060864K
  class space    used 1731K, capacity 1786K, committed 1792K, reserved 1048576K
Event: 4.746 GC heap after
Heap after GC invocations=8 (full 1):
 PSYoungGen      total 164352K, used 52716K [0x00000000d5f00000, 0x00000000e8680000, 0x0000000100000000)
  eden space 111616K, 0% used [0x00000000d5f00000,0x00000000d5f00000,0x00000000dcc00000)
  from space 52736K, 99% used [0x00000000dcc00000,0x00000000dff7b2f8,0x00000000dff80000)
  to   space 79872K, 0% used [0x00000000e3880000,0x00000000e3880000,0x00000000e8680000)
 ParOldGen       total 154112K, used 95923K [0x0000000081c00000, 0x000000008b280000, 0x00000000d5f00000)
  object space 154112K, 62% used [0x0000000081c00000,0x00000000879acc28,0x000000008b280000)
 Metaspace       used 13322K, capacity 13540K, committed 13568K, reserved 1060864K
  class space    used 1731K, capacity 1786K, committed 1792K, reserved 1048576K
}
Event: 4.990 GC heap before
{Heap before GC invocations=9 (full 1):
 PSYoungGen      total 164352K, used 164332K [0x00000000d5f00000, 0x00000000e8680000, 0x0000000100000000)
  eden space 111616K, 100% used [0x00000000d5f00000,0x00000000dcc00000,0x00000000dcc00000)
  from space 52736K, 99% used [0x00000000dcc00000,0x00000000dff7b2f8,0x00000000dff80000)
  to   space 79872K, 0% used [0x00000000e3880000,0x00000000e3880000,0x00000000e8680000)
 ParOldGen       total 154112K, used 95923K [0x0000000081c00000, 0x000000008b280000, 0x00000000d5f00000)
  object space 154112K, 62% used [0x0000000081c00000,0x00000000879acc28,0x000000008b280000)
 Metaspace       used 13341K, capacity 13558K, committed 13568K, reserved 1060864K
  class space    used 1733K, capacity 1789K, committed 1792K, reserved 1048576K
Event: 5.146 GC heap after
Heap after GC invocations=9 (full 1):
 PSYoungGen      total 193024K, used 79868K [0x00000000d5f00000, 0x00000000ee280000, 0x0000000100000000)
  eden space 113152K, 0% used [0x00000000d5f00000,0x00000000d5f00000,0x00000000dcd80000)
  from space 79872K, 99% used [0x00000000e3880000,0x00000000e867f0b8,0x00000000e8680000)
  to   space 109568K, 0% used [0x00000000dcd80000,0x00000000dcd80000,0x00000000e3880000)
 ParOldGen       total 154112K, used 127339K [0x0000000081c00000, 0x000000008b280000, 0x00000000d5f00000)
  object space 154112K, 82% used [0x0000000081c00000,0x000000008985ac28,0x000000008b280000)
 Metaspace       used 13341K, capacity 13558K, committed 13568K, reserved 1060864K
  class space    used 1733K, capacity 1789K, committed 1792K, reserved 1048576K
}
Event: 5.146 GC heap before
{Heap before GC invocations=10 (full 2):
 PSYoungGen      total 193024K, used 79868K [0x00000000d5f00000, 0x00000000ee280000, 0x0000000100000000)
  eden space 113152K, 0% used [0x00000000d5f00000,0x00000000d5f00000,0x00000000dcd80000)
  from space 79872K, 99% used [0x00000000e3880000,0x00000000e867f0b8,0x00000000e8680000)
  to   space 109568K, 0% used [0x00000000dcd80000,0x00000000dcd80000,0x00000000e3880000)
 ParOldGen       total 154112K, used 127339K [0x0000000081c00000, 0x000000008b280000, 0x00000000d5f00000)
  object space 154112K, 82% used [0x0000000081c00000,0x000000008985ac28,0x000000008b280000)
 Metaspace       used 13341K, capacity 13558K, committed 13568K, reserved 1060864K
  class space    used 1733K, capacity 1789K, committed 1792K, reserved 1048576K
Event: 6.494 GC heap after
Heap after GC invocations=10 (full 2):
 PSYoungGen      total 193024K, used 33353K [0x00000000d5f00000, 0x00000000ee280000, 0x0000000100000000)
  eden space 113152K, 0% used [0x00000000d5f00000,0x00000000d5f00000,0x00000000dcd80000)
  from space 79872K, 41% used [0x00000000e3880000,0x00000000e59125a0,0x00000000e8680000)
  to   space 109568K, 0% used [0x00000000dcd80000,0x00000000dcd80000,0x00000000e3880000)
 ParOldGen       total 285696K, used 154046K [0x0000000081c00000, 0x0000000093300000, 0x00000000d5f00000)
  object space 285696K, 53% used [0x0000000081c00000,0x000000008b26f918,0x0000000093300000)
 Metaspace       used 13340K, capacity 13556K, committed 13568K, reserved 1060864K
  class space    used 1732K, capacity 1788K, committed 1792K, reserved 1048576K
}
Event: 6.799 GC heap before
{Heap before GC invocations=11 (full 2):
 PSYoungGen      total 193024K, used 146505K [0x00000000d5f00000, 0x00000000ee280000, 0x0000000100000000)
  eden space 113152K, 100% used [0x00000000d5f00000,0x00000000dcd80000,0x00000000dcd80000)
  from space 79872K, 41% used [0x00000000e3880000,0x00000000e59125a0,0x00000000e8680000)
  to   space 109568K, 0% used [0x00000000dcd80000,0x00000000dcd80000,0x00000000e3880000)
 ParOldGen       total 285696K, used 154046K [0x0000000081c00000, 0x0000000093300000, 0x00000000d5f00000)
  object space 285696K, 53% used [0x0000000081c00000,0x000000008b26f918,0x0000000093300000)
 Metaspace       used 13347K, capacity 13620K, committed 13824K, reserved 1060864K
  class space    used 1732K, capacity 1788K, committed 1792K, reserved 1048576K
Event: 6.940 GC heap after
Heap after GC invocations=11 (full 2):
 PSYoungGen      total 222720K, used 84064K [0x00000000d5f00000, 0x00000000ece80000, 0x0000000100000000)
  eden space 113152K, 0% used [0x00000000d5f00000,0x00000000d5f00000,0x00000000dcd80000)
  from space 109568K, 76% used [0x00000000dcd80000,0x00000000e1f98090,0x00000000e3880000)
  to   space 119808K, 0% used [0x00000000e5980000,0x00000000e5980000,0x00000000ece80000)
 ParOldGen       total 285696K, used 154046K [0x0000000081c00000, 0x0000000093300000, 0x00000000d5f00000)
  object space 285696K, 53% used [0x0000000081c00000,0x000000008b26f918,0x0000000093300000)
 Metaspace       used 13347K, capacity 13620K, committed 13824K, reserved 1060864K
  class space    used 1732K, capacity 1788K, committed 1792K, reserved 1048576K
}

