# JRE version: Java(TM) SE Runtime Environment (8.0_25-b18) (build 1.8.0_25-b18)
# Java VM: Java HotSpot(TM) 64-Bit Server VM (25.25-b02 mixed mode windows-amd64 compressed oops)
Heap:
 PSYoungGen      total 201728K, used 14217K [0x00000000d5f00000, 0x00000000e9080000, 0x0000000100000000)
  eden space 128512K, 11% used [0x00000000d5f00000,0x00000000d6ce27b0,0x00000000ddc80000)
  from space 73216K, 0% used [0x00000000e2a00000,0x00000000e2a00000,0x00000000e7180000)
  to   space 79360K, 0% used [0x00000000ddc80000,0x00000000ddc80000,0x00000000e2a00000)
 ParOldGen       total 237056K, used 120987K [0x0000000081c00000, 0x0000000090380000, 0x00000000d5f00000)
  object space 237056K, 51% used [0x0000000081c00000,0x0000000089226fe0,0x0000000090380000)
 Metaspace       used 21166K, capacity 21436K, committed 21760K, reserved 1069056K
  class space    used 2673K, capacity 2764K, committed 2816K, reserved 1048576K
GC Heap History (10 events):
Event: 2.531 GC heap before
{Heap before GC invocations=6 (full 1):
 PSYoungGen      total 71680K, used 5088K [0x00000000d5f00000, 0x00000000e3400000, 0x0000000100000000)
  eden space 66560K, 0% used [0x00000000d5f00000,0x00000000d5f00000,0x00000000da000000)
  from space 5120K, 99% used [0x00000000da000000,0x00000000da4f8050,0x00000000da500000)
  to   space 42496K, 0% used [0x00000000e0a80000,0x00000000e0a80000,0x00000000e3400000)
 ParOldGen       total 87552K, used 61185K [0x0000000081c00000, 0x0000000087180000, 0x00000000d5f00000)
  object space 87552K, 69% used [0x0000000081c00000,0x00000000857c0780,0x0000000087180000)
 Metaspace       used 11822K, capacity 12008K, committed 12160K, reserved 1060864K
  class space    used 1564K, capacity 1622K, committed 1664K, reserved 1048576K
Event: 2.937 GC heap after
Heap after GC invocations=6 (full 1):
 PSYoungGen      total 71680K, used 0K [0x00000000d5f00000, 0x00000000e3400000, 0x0000000100000000)
  eden space 66560K, 0% used [0x00000000d5f00000,0x00000000d5f00000,0x00000000da000000)
  from space 5120K, 0% used [0x00000000da000000,0x00000000da000000,0x00000000da500000)
  to   space 42496K, 0% used [0x00000000e0a80000,0x00000000e0a80000,0x00000000e3400000)
 ParOldGen       total 153088K, used 63924K [0x0000000081c00000, 0x000000008b180000, 0x00000000d5f00000)
  object space 153088K, 41% used [0x0000000081c00000,0x0000000085a6d3d0,0x000000008b180000)
 Metaspace       used 11822K, capacity 12008K, committed 12160K, reserved 1060864K
  class space    used 1564K, capacity 1622K, committed 1664K, reserved 1048576K
}
Event: 3.036 GC heap before
{Heap before GC invocations=7 (full 1):
 PSYoungGen      total 71680K, used 66560K [0x00000000d5f00000, 0x00000000e3400000, 0x0000000100000000)
  eden space 66560K, 100% used [0x00000000d5f00000,0x00000000da000000,0x00000000da000000)
  from space 5120K, 0% used [0x00000000da000000,0x00000000da000000,0x00000000da500000)
  to   space 42496K, 0% used [0x00000000e0a80000,0x00000000e0a80000,0x00000000e3400000)
 ParOldGen       total 153088K, used 63924K [0x0000000081c00000, 0x000000008b180000, 0x00000000d5f00000)
  object space 153088K, 41% used [0x0000000081c00000,0x0000000085a6d3d0,0x000000008b180000)
 Metaspace       used 11822K, capacity 12008K, committed 12160K, reserved 1060864K
  class space    used 1564K, capacity 1622K, committed 1664K, reserved 1048576K
Event: 3.089 GC heap after
Heap after GC invocations=7 (full 1):
 PSYoungGen      total 134144K, used 39104K [0x00000000d5f00000, 0x00000000e3100000, 0x0000000100000000)
  eden space 94720K, 0% used [0x00000000d5f00000,0x00000000d5f00000,0x00000000dbb80000)
  from space 39424K, 99% used [0x00000000e0a80000,0x00000000e30b0030,0x00000000e3100000)
  to   space 50688K, 0% used [0x00000000dce00000,0x00000000dce00000,0x00000000dff80000)
 ParOldGen       total 153088K, used 63924K [0x0000000081c00000, 0x000000008b180000, 0x00000000d5f00000)
  object space 153088K, 41% used [0x0000000081c00000,0x0000000085a6d3d0,0x000000008b180000)
 Metaspace       used 11822K, capacity 12008K, committed 12160K, reserved 1060864K
  class space    used 1564K, capacity 1622K, committed 1664K, reserved 1048576K
}
Event: 3.842 GC heap before
{Heap before GC invocations=8 (full 1):
 PSYoungGen      total 134144K, used 133677K [0x00000000d5f00000, 0x00000000e3100000, 0x0000000100000000)
  eden space 94720K, 99% used [0x00000000d5f00000,0x00000000dbb5b640,0x00000000dbb80000)
  from space 39424K, 99% used [0x00000000e0a80000,0x00000000e30b0030,0x00000000e3100000)
  to   space 50688K, 0% used [0x00000000dce00000,0x00000000dce00000,0x00000000dff80000)
 ParOldGen       total 153088K, used 63924K [0x0000000081c00000, 0x000000008b180000, 0x00000000d5f00000)
  object space 153088K, 41% used [0x0000000081c00000,0x0000000085a6d3d0,0x000000008b180000)
 Metaspace       used 16082K, capacity 16316K, committed 16512K, reserved 1062912K
  class space    used 2072K, capacity 2110K, committed 2176K, reserved 1048576K
Event: 3.928 GC heap after
Heap after GC invocations=8 (full 1):
 PSYoungGen      total 164352K, used 50677K [0x00000000d5f00000, 0x00000000e7180000, 0x0000000100000000)
  eden space 113664K, 0% used [0x00000000d5f00000,0x00000000d5f00000,0x00000000dce00000)
  from space 50688K, 99% used [0x00000000dce00000,0x00000000dff7d670,0x00000000dff80000)
  to   space 73216K, 0% used [0x00000000e2a00000,0x00000000e2a00000,0x00000000e7180000)
 ParOldGen       total 153088K, used 86333K [0x0000000081c00000, 0x000000008b180000, 0x00000000d5f00000)
  object space 153088K, 56% used [0x0000000081c00000,0x000000008704f7c8,0x000000008b180000)
 Metaspace       used 16082K, capacity 16316K, committed 16512K, reserved 1062912K
  class space    used 2072K, capacity 2110K, committed 2176K, reserved 1048576K
}
Event: 40.637 GC heap before
{Heap before GC invocations=9 (full 1):
 PSYoungGen      total 164352K, used 134444K [0x00000000d5f00000, 0x00000000e7180000, 0x0000000100000000)
  eden space 113664K, 73% used [0x00000000d5f00000,0x00000000db0cdc80,0x00000000dce00000)
  from space 50688K, 99% used [0x00000000dce00000,0x00000000dff7d670,0x00000000dff80000)
  to   space 73216K, 0% used [0x00000000e2a00000,0x00000000e2a00000,0x00000000e7180000)
 ParOldGen       total 153088K, used 86333K [0x0000000081c00000, 0x000000008b180000, 0x00000000d5f00000)
  object space 153088K, 56% used [0x0000000081c00000,0x000000008704f7c8,0x000000008b180000)
 Metaspace       used 20754K, capacity 21022K, committed 21248K, reserved 1067008K
  class space    used 2639K, capacity 2733K, committed 2816K, reserved 1048576K
Event: 40.706 GC heap after
Heap after GC invocations=9 (full 1):
 PSYoungGen      total 201728K, used 54024K [0x00000000d5f00000, 0x00000000e9080000, 0x0000000100000000)
  eden space 128512K, 0% used [0x00000000d5f00000,0x00000000d5f00000,0x00000000ddc80000)
  from space 73216K, 73% used [0x00000000e2a00000,0x00000000e5ec2318,0x00000000e7180000)
  to   space 79360K, 0% used [0x00000000ddc80000,0x00000000ddc80000,0x00000000e2a00000)
 ParOldGen       total 153088K, used 88517K [0x0000000081c00000, 0x000000008b180000, 0x00000000d5f00000)
  object space 153088K, 57% used [0x0000000081c00000,0x00000000872717d8,0x000000008b180000)
 Metaspace       used 20754K, capacity 21022K, committed 21248K, reserved 1067008K
  class space    used 2639K, capacity 2733K, committed 2816K, reserved 1048576K
}
Event: 40.707 GC heap before
{Heap before GC invocations=10 (full 2):
 PSYoungGen      total 201728K, used 54024K [0x00000000d5f00000, 0x00000000e9080000, 0x0000000100000000)
  eden space 128512K, 0% used [0x00000000d5f00000,0x00000000d5f00000,0x00000000ddc80000)
  from space 73216K, 73% used [0x00000000e2a00000,0x00000000e5ec2318,0x00000000e7180000)
  to   space 79360K, 0% used [0x00000000ddc80000,0x00000000ddc80000,0x00000000e2a00000)
 ParOldGen       total 153088K, used 88517K [0x0000000081c00000, 0x000000008b180000, 0x00000000d5f00000)
  object space 153088K, 57% used [0x0000000081c00000,0x00000000872717d8,0x000000008b180000)
 Metaspace       used 20754K, capacity 21022K, committed 21248K, reserved 1067008K
  class space    used 2639K, capacity 2733K, committed 2816K, reserved 1048576K
Event: 41.367 GC heap after
Heap after GC invocations=10 (full 2):
 PSYoungGen      total 201728K, used 0K [0x00000000d5f00000, 0x00000000e9080000, 0x0000000100000000)
  eden space 128512K, 0% used [0x00000000d5f00000,0x00000000d5f00000,0x00000000ddc80000)
  from space 73216K, 0% used [0x00000000e2a00000,0x00000000e2a00000,0x00000000e7180000)
  to   space 79360K, 0% used [0x00000000ddc80000,0x00000000ddc80000,0x00000000e2a00000)
 ParOldGen       total 237056K, used 120987K [0x0000000081c00000, 0x0000000090380000, 0x00000000d5f00000)
  object space 237056K, 51% used [0x0000000081c00000,0x0000000089226fe0,0x0000000090380000)
 Metaspace       used 20752K, capacity 21020K, committed 21248K, reserved 1067008K
  class space    used 2638K, capacity 2732K, committed 2816K, reserved 1048576K
}

